0 info it worked if it ends with ok
1 verbose cli [ '/home/vtex/.nvm/versions/node/v0.12.6/bin/node',
1 verbose cli   '/home/vtex/.nvm/versions/node/v0.12.6/bin/npm',
1 verbose cli   'start' ]
2 info using npm@2.11.2
3 info using node@v0.12.6
4 verbose run-script [ 'prestart', 'start', 'poststart' ]
5 info prestart wishlist@
6 info start wishlist@
7 verbose unsafe-perm in lifecycle true
8 info wishlist@ Failed to exec start script
9 verbose stack Error: wishlist@ start: `webpack & vtex watch`
9 verbose stack Exit status 1
9 verbose stack     at EventEmitter.<anonymous> (/home/vtex/.nvm/versions/node/v0.12.6/lib/node_modules/npm/lib/utils/lifecycle.js:213:16)
9 verbose stack     at EventEmitter.emit (events.js:110:17)
9 verbose stack     at ChildProcess.<anonymous> (/home/vtex/.nvm/versions/node/v0.12.6/lib/node_modules/npm/lib/utils/spawn.js:24:14)
9 verbose stack     at ChildProcess.emit (events.js:110:17)
9 verbose stack     at maybeClose (child_process.js:1015:16)
9 verbose stack     at Process.ChildProcess._handle.onexit (child_process.js:1087:5)
10 verbose pkgid wishlist@
11 verbose cwd /home/vtex/Git/wishlist
12 error Linux 3.13.0-24-generic
13 error argv "/home/vtex/.nvm/versions/node/v0.12.6/bin/node" "/home/vtex/.nvm/versions/node/v0.12.6/bin/npm" "start"
14 error node v0.12.6
15 error npm  v2.11.2
16 error code ELIFECYCLE
17 error wishlist@ start: `webpack & vtex watch`
17 error Exit status 1
18 error Failed at the wishlist@ start script 'webpack & vtex watch'.
18 error This is most likely a problem with the wishlist package,
18 error not with npm itself.
18 error Tell the author that this fails on your system:
18 error     webpack & vtex watch
18 error You can get their info via:
18 error     npm owner ls wishlist
18 error There is likely additional logging output above.
19 verbose exit [ 1, true ]
